This is pdfTeX, Version 3.1415926-2.5-1.40.14 (TeX Live 2013/Debian) (format=pdflatex 2014.7.23)  8 OCT 2014 23:04
entering extended mode
 restricted \write18 enabled.
 %&-line parsing enabled.
**short_run_exchange.tex
(./short_run_exchange.tex
LaTeX2e <2011/06/27>
Babel <3.9h> and hyphenation patterns for 78 languages loaded.
(/usr/share/texmf/tex/latex/beamer/base/beamer.cls
(/usr/share/texmf/tex/latex/beamer/base/beamerbasercs.sty
Package: beamerbasercs 2012/11/13 (rcs-revision cb16a617839f)
)
Document Class: beamer 2012/10/15 development version 3.24 A class for typesett
ing presentations (rcs-revision 24853e6b98cf)
(/usr/share/texmf/tex/latex/beamer/base/beamerbasemodes.sty
Package: beamerbasemodes 2012/04/15 (rcs-revision cc6557182d97)
\beamer@tempbox=\box26
\beamer@tempcount=\count79
\c@beamerpauses=\count80

(/usr/share/texmf/tex/latex/beamer/base/beamerbasedecode.sty
Package: beamerbasedecode 2010/05/01 (rcs-revision efa082c6111d)
\beamer@slideinframe=\count81
\beamer@minimum=\count82
)
\beamer@commentbox=\box27
\beamer@modecount=\count83
)
(/usr/share/texlive/texmf-dist/tex/generic/oberdiek/ifpdf.sty
Package: ifpdf 2011/01/30 v2.3 Provides the ifpdf switch (HO)
Package ifpdf Info: pdfTeX in PDF mode is detected.
)
\headheight=\dimen102
\headdp=\dimen103
\footheight=\dimen104
\sidebarheight=\dimen105
\beamer@tempdim=\dimen106
\beamer@finalheight=\dimen107
\beamer@animht=\dimen108
\beamer@animdp=\dimen109
\beamer@animwd=\dimen110
\beamer@leftmargin=\dimen111
\beamer@rightmargin=\dimen112
\beamer@leftsidebar=\dimen113
\beamer@rightsidebar=\dimen114
\beamer@boxsize=\dimen115
\beamer@vboxoffset=\dimen116
\beamer@descdefault=\dimen117
\beamer@descriptionwidth=\dimen118
\beamer@lastskip=\skip41
\beamer@areabox=\box28
\beamer@animcurrent=\box29
\beamer@animshowbox=\box30
\beamer@sectionbox=\box31
\beamer@logobox=\box32
\beamer@linebox=\box33
\beamer@sectioncount=\count84
\beamer@subsubsectionmax=\count85
\beamer@subsectionmax=\count86
\beamer@sectionmax=\count87
\beamer@totalheads=\count88
\beamer@headcounter=\count89
\beamer@partstartpage=\count90
\beamer@sectionstartpage=\count91
\beamer@subsectionstartpage=\count92
\beamer@animationtempa=\count93
\beamer@animationtempb=\count94
\beamer@xpos=\count95
\beamer@ypos=\count96
\beamer@showpartnumber=\count97
\beamer@currentsubsection=\count98
\beamer@coveringdepth=\count99
\beamer@sectionadjust=\count100
\beamer@tocsectionnumber=\count101

(/usr/share/texmf/tex/latex/beamer/base/beamerbaseoptions.sty
Package: beamerbaseoptions 2010/04/27 (rcs-revision 982469101dd6)

(/usr/share/texlive/texmf-dist/tex/latex/graphics/keyval.sty
Package: keyval 1999/03/16 v1.13 key=value parser (DPC)
\KV@toks@=\toks14
))
\beamer@paperwidth=\skip42
\beamer@paperheight=\skip43

(/usr/share/texlive/texmf-dist/tex/latex/geometry/geometry.sty
Package: geometry 2010/09/12 v5.6 Page Geometry

(/usr/share/texlive/texmf-dist/tex/generic/oberdiek/ifvtex.sty
Package: ifvtex 2010/03/01 v1.5 Detect VTeX and its facilities (HO)
Package ifvtex Info: VTeX not detected.
)
(/usr/share/texlive/texmf-dist/tex/generic/ifxetex/ifxetex.sty
Package: ifxetex 2010/09/12 v0.6 Provides ifxetex conditional
)
\Gm@cnth=\count102
\Gm@cntv=\count103
\c@Gm@tempcnt=\count104
\Gm@bindingoffset=\dimen119
\Gm@wd@mp=\dimen120
\Gm@odd@mp=\dimen121
\Gm@even@mp=\dimen122
\Gm@layoutwidth=\dimen123
\Gm@layoutheight=\dimen124
\Gm@layouthoffset=\dimen125
\Gm@layoutvoffset=\dimen126
\Gm@dimlist=\toks15
)
(/usr/share/texlive/texmf-dist/tex/latex/base/size11.clo
File: size11.clo 2007/10/19 v1.4h Standard LaTeX file (size option)
)
(/usr/share/texmf/tex/latex/pgf/basiclayer/pgfcore.sty
(/usr/share/texlive/texmf-dist/tex/latex/graphics/graphicx.sty
Package: graphicx 1999/02/16 v1.0f Enhanced LaTeX Graphics (DPC,SPQR)

(/usr/share/texlive/texmf-dist/tex/latex/graphics/graphics.sty
Package: graphics 2009/02/05 v1.0o Standard LaTeX Graphics (DPC,SPQR)

(/usr/share/texlive/texmf-dist/tex/latex/graphics/trig.sty
Package: trig 1999/03/16 v1.09 sin cos tan (DPC)
)
(/usr/share/texlive/texmf-dist/tex/latex/latexconfig/graphics.cfg
File: graphics.cfg 2010/04/23 v1.9 graphics configuration of TeX Live
)
Package graphics Info: Driver file: pdftex.def on input line 91.

(/usr/share/texlive/texmf-dist/tex/latex/pdftex-def/pdftex.def
File: pdftex.def 2011/05/27 v0.06d Graphics/color for pdfTeX

(/usr/share/texlive/texmf-dist/tex/generic/oberdiek/infwarerr.sty
Package: infwarerr 2010/04/08 v1.3 Providing info/warning/error messages (HO)
)
(/usr/share/texlive/texmf-dist/tex/generic/oberdiek/ltxcmds.sty
Package: ltxcmds 2011/11/09 v1.22 LaTeX kernel commands for general use (HO)
)
\Gread@gobject=\count105
))
\Gin@req@height=\dimen127
\Gin@req@width=\dimen128
)
(/usr/share/texmf/tex/latex/pgf/systemlayer/pgfsys.sty
(/usr/share/texmf/tex/latex/pgf/utilities/pgfrcs.sty
(/usr/share/texmf/tex/generic/pgf/utilities/pgfutil-common.tex
\pgfutil@everybye=\toks16
)
(/usr/share/texmf/tex/generic/pgf/utilities/pgfutil-latex.def
\pgfutil@abb=\box34

(/usr/share/texlive/texmf-dist/tex/latex/ms/everyshi.sty
Package: everyshi 2001/05/15 v3.00 EveryShipout Package (MS)
))
(/usr/share/texmf/tex/generic/pgf/utilities/pgfrcs.code.tex
Package: pgfrcs 2010/10/25 v2.10 (rcs-revision 1.24)
))
(/usr/share/texmf/tex/generic/pgf/systemlayer/pgfsys.code.tex
Package: pgfsys 2010/06/30 v2.10 (rcs-revision 1.37)

(/usr/share/texmf/tex/generic/pgf/utilities/pgfkeys.code.tex
\pgfkeys@pathtoks=\toks17
\pgfkeys@temptoks=\toks18

(/usr/share/texmf/tex/generic/pgf/utilities/pgfkeysfiltered.code.tex
\pgfkeys@tmptoks=\toks19
))
\pgf@x=\dimen129
\pgf@y=\dimen130
\pgf@xa=\dimen131
\pgf@ya=\dimen132
\pgf@xb=\dimen133
\pgf@yb=\dimen134
\pgf@xc=\dimen135
\pgf@yc=\dimen136
\w@pgf@writea=\write3
\r@pgf@reada=\read1
\c@pgf@counta=\count106
\c@pgf@countb=\count107
\c@pgf@countc=\count108
\c@pgf@countd=\count109

(/usr/share/texmf/tex/generic/pgf/systemlayer/pgf.cfg
File: pgf.cfg 2008/05/14  (rcs-revision 1.7)
)
Package pgfsys Info: Driver file for pgf: pgfsys-pdftex.def on input line 900.

(/usr/share/texmf/tex/generic/pgf/systemlayer/pgfsys-pdftex.def
File: pgfsys-pdftex.def 2009/05/22  (rcs-revision 1.26)

(/usr/share/texmf/tex/generic/pgf/systemlayer/pgfsys-common-pdf.def
File: pgfsys-common-pdf.def 2008/05/19  (rcs-revision 1.10)
)))
(/usr/share/texmf/tex/generic/pgf/systemlayer/pgfsyssoftpath.code.tex
File: pgfsyssoftpath.code.tex 2008/07/18  (rcs-revision 1.7)
\pgfsyssoftpath@smallbuffer@items=\count110
\pgfsyssoftpath@bigbuffer@items=\count111
)
(/usr/share/texmf/tex/generic/pgf/systemlayer/pgfsysprotocol.code.tex
File: pgfsysprotocol.code.tex 2006/10/16  (rcs-revision 1.4)
))
(/usr/share/texmf/tex/latex/xcolor/xcolor.sty
Package: xcolor 2007/01/21 v2.11 LaTeX color extensions (UK)

(/usr/share/texlive/texmf-dist/tex/latex/latexconfig/color.cfg
File: color.cfg 2007/01/18 v1.5 color configuration of teTeX/TeXLive
)
Package xcolor Info: Driver file: pdftex.def on input line 225.
Package xcolor Info: Model `cmy' substituted by `cmy0' on input line 1337.
Package xcolor Info: Model `hsb' substituted by `rgb' on input line 1341.
Package xcolor Info: Model `RGB' extended on input line 1353.
Package xcolor Info: Model `HTML' substituted by `rgb' on input line 1355.
Package xcolor Info: Model `Hsb' substituted by `hsb' on input line 1356.
Package xcolor Info: Model `tHsb' substituted by `hsb' on input line 1357.
Package xcolor Info: Model `HSB' substituted by `hsb' on input line 1358.
Package xcolor Info: Model `Gray' substituted by `gray' on input line 1359.
Package xcolor Info: Model `wave' substituted by `hsb' on input line 1360.
)
(/usr/share/texmf/tex/generic/pgf/basiclayer/pgfcore.code.tex
Package: pgfcore 2010/04/11 v2.10 (rcs-revision 1.7)

(/usr/share/texmf/tex/generic/pgf/math/pgfmath.code.tex
(/usr/share/texmf/tex/generic/pgf/math/pgfmathcalc.code.tex
(/usr/share/texmf/tex/generic/pgf/math/pgfmathutil.code.tex)
(/usr/share/texmf/tex/generic/pgf/math/pgfmathparser.code.tex
\pgfmath@dimen=\dimen137
\pgfmath@count=\count112
\pgfmath@box=\box35
\pgfmath@toks=\toks20
\pgfmath@stack@operand=\toks21
\pgfmath@stack@operation=\toks22
)
(/usr/share/texmf/tex/generic/pgf/math/pgfmathfunctions.code.tex
(/usr/share/texmf/tex/generic/pgf/math/pgfmathfunctions.basic.code.tex)
(/usr/share/texmf/tex/generic/pgf/math/pgfmathfunctions.trigonometric.code.tex)
(/usr/share/texmf/tex/generic/pgf/math/pgfmathfunctions.random.code.tex)
(/usr/share/texmf/tex/generic/pgf/math/pgfmathfunctions.comparison.code.tex)
(/usr/share/texmf/tex/generic/pgf/math/pgfmathfunctions.base.code.tex)
(/usr/share/texmf/tex/generic/pgf/math/pgfmathfunctions.round.code.tex)
(/usr/share/texmf/tex/generic/pgf/math/pgfmathfunctions.misc.code.tex)))
(/usr/share/texmf/tex/generic/pgf/math/pgfmathfloat.code.tex
\c@pgfmathroundto@lastzeros=\count113
))
(/usr/share/texmf/tex/generic/pgf/basiclayer/pgfcorepoints.code.tex
File: pgfcorepoints.code.tex 2010/04/09  (rcs-revision 1.20)
\pgf@picminx=\dimen138
\pgf@picmaxx=\dimen139
\pgf@picminy=\dimen140
\pgf@picmaxy=\dimen141
\pgf@pathminx=\dimen142
\pgf@pathmaxx=\dimen143
\pgf@pathminy=\dimen144
\pgf@pathmaxy=\dimen145
\pgf@xx=\dimen146
\pgf@xy=\dimen147
\pgf@yx=\dimen148
\pgf@yy=\dimen149
\pgf@zx=\dimen150
\pgf@zy=\dimen151
)
(/usr/share/texmf/tex/generic/pgf/basiclayer/pgfcorepathconstruct.code.tex
File: pgfcorepathconstruct.code.tex 2010/08/03  (rcs-revision 1.24)
\pgf@path@lastx=\dimen152
\pgf@path@lasty=\dimen153
)
(/usr/share/texmf/tex/generic/pgf/basiclayer/pgfcorepathusage.code.tex
File: pgfcorepathusage.code.tex 2008/04/22  (rcs-revision 1.12)
\pgf@shorten@end@additional=\dimen154
\pgf@shorten@start@additional=\dimen155
)
(/usr/share/texmf/tex/generic/pgf/basiclayer/pgfcorescopes.code.tex
File: pgfcorescopes.code.tex 2010/09/08  (rcs-revision 1.34)
\pgfpic=\box36
\pgf@hbox=\box37
\pgf@layerbox@main=\box38
\pgf@picture@serial@count=\count114
)
(/usr/share/texmf/tex/generic/pgf/basiclayer/pgfcoregraphicstate.code.tex
File: pgfcoregraphicstate.code.tex 2008/04/22  (rcs-revision 1.9)
\pgflinewidth=\dimen156
)
(/usr/share/texmf/tex/generic/pgf/basiclayer/pgfcoretransformations.code.tex
File: pgfcoretransformations.code.tex 2009/06/10  (rcs-revision 1.11)
\pgf@pt@x=\dimen157
\pgf@pt@y=\dimen158
\pgf@pt@temp=\dimen159
)
(/usr/share/texmf/tex/generic/pgf/basiclayer/pgfcorequick.code.tex
File: pgfcorequick.code.tex 2008/10/09  (rcs-revision 1.3)
)
(/usr/share/texmf/tex/generic/pgf/basiclayer/pgfcoreobjects.code.tex
File: pgfcoreobjects.code.tex 2006/10/11  (rcs-revision 1.2)
)
(/usr/share/texmf/tex/generic/pgf/basiclayer/pgfcorepathprocessing.code.tex
File: pgfcorepathprocessing.code.tex 2008/10/09  (rcs-revision 1.8)
)
(/usr/share/texmf/tex/generic/pgf/basiclayer/pgfcorearrows.code.tex
File: pgfcorearrows.code.tex 2008/04/23  (rcs-revision 1.11)
)
(/usr/share/texmf/tex/generic/pgf/basiclayer/pgfcoreshade.code.tex
File: pgfcoreshade.code.tex 2008/11/23  (rcs-revision 1.13)
\pgf@max=\dimen160
\pgf@sys@shading@range@num=\count115
)
(/usr/share/texmf/tex/generic/pgf/basiclayer/pgfcoreimage.code.tex
File: pgfcoreimage.code.tex 2010/03/25  (rcs-revision 1.16)

(/usr/share/texmf/tex/generic/pgf/basiclayer/pgfcoreexternal.code.tex
File: pgfcoreexternal.code.tex 2010/09/01  (rcs-revision 1.17)
\pgfexternal@startupbox=\box39
))
(/usr/share/texmf/tex/generic/pgf/basiclayer/pgfcorelayers.code.tex
File: pgfcorelayers.code.tex 2010/08/27  (rcs-revision 1.2)
)
(/usr/share/texmf/tex/generic/pgf/basiclayer/pgfcoretransparency.code.tex
File: pgfcoretransparency.code.tex 2008/01/17  (rcs-revision 1.2)
)
(/usr/share/texmf/tex/generic/pgf/basiclayer/pgfcorepatterns.code.tex
File: pgfcorepatterns.code.tex 2009/07/02  (rcs-revision 1.3)
)))
(/usr/share/texmf/tex/latex/pgf/utilities/xxcolor.sty
Package: xxcolor 2003/10/24 ver 0.1
\XC@nummixins=\count116
\XC@countmixins=\count117
)
(/usr/share/texlive/texmf-dist/tex/latex/hyperref/hyperref.sty
Package: hyperref 2012/11/06 v6.83m Hypertext links for LaTeX

(/usr/share/texlive/texmf-dist/tex/generic/oberdiek/hobsub-hyperref.sty
Package: hobsub-hyperref 2012/05/28 v1.13 Bundle oberdiek, subset hyperref (HO)


(/usr/share/texlive/texmf-dist/tex/generic/oberdiek/hobsub-generic.sty
Package: hobsub-generic 2012/05/28 v1.13 Bundle oberdiek, subset generic (HO)
Package: hobsub 2012/05/28 v1.13 Construct package bundles (HO)
Package hobsub Info: Skipping package `infwarerr' (already loaded).
Package hobsub Info: Skipping package `ltxcmds' (already loaded).
Package: ifluatex 2010/03/01 v1.3 Provides the ifluatex switch (HO)
Package ifluatex Info: LuaTeX not detected.
Package hobsub Info: Skipping package `ifvtex' (already loaded).
Package: intcalc 2007/09/27 v1.1 Expandable calculations with integers (HO)
Package hobsub Info: Skipping package `ifpdf' (already loaded).
Package: etexcmds 2011/02/16 v1.5 Avoid name clashes with e-TeX commands (HO)
Package etexcmds Info: Could not find \expanded.
(etexcmds)             That can mean that you are not using pdfTeX 1.50 or
(etexcmds)             that some package has redefined \expanded.
(etexcmds)             In the latter case, load this package earlier.
Package: kvsetkeys 2012/04/25 v1.16 Key value parser (HO)
Package: kvdefinekeys 2011/04/07 v1.3 Define keys (HO)
Package: pdftexcmds 2011/11/29 v0.20 Utility functions of pdfTeX for LuaTeX (HO
)
Package pdftexcmds Info: LuaTeX not detected.
Package pdftexcmds Info: \pdf@primitive is available.
Package pdftexcmds Info: \pdf@ifprimitive is available.
Package pdftexcmds Info: \pdfdraftmode found.
Package: pdfescape 2011/11/25 v1.13 Implements pdfTeX's escape features (HO)
Package: bigintcalc 2012/04/08 v1.3 Expandable calculations on big integers (HO
)
Package: bitset 2011/01/30 v1.1 Handle bit-vector datatype (HO)
Package: uniquecounter 2011/01/30 v1.2 Provide unlimited unique counter (HO)
)
Package hobsub Info: Skipping package `hobsub' (already loaded).
Package: letltxmacro 2010/09/02 v1.4 Let assignment for LaTeX macros (HO)
Package: hopatch 2012/05/28 v1.2 Wrapper for package hooks (HO)
Package: xcolor-patch 2011/01/30 xcolor patch
Package: atveryend 2011/06/30 v1.8 Hooks at the very end of document (HO)
Package atveryend Info: \enddocument detected (standard20110627).
Package: atbegshi 2011/10/05 v1.16 At begin shipout hook (HO)
Package: refcount 2011/10/16 v3.4 Data extraction from label references (HO)
Package: hycolor 2011/01/30 v1.7 Color options for hyperref/bookmark (HO)
)
(/usr/share/texlive/texmf-dist/tex/latex/oberdiek/auxhook.sty
Package: auxhook 2011/03/04 v1.3 Hooks for auxiliary files (HO)
)
(/usr/share/texlive/texmf-dist/tex/latex/oberdiek/kvoptions.sty
Package: kvoptions 2011/06/30 v3.11 Key value format for package options (HO)
)
\@linkdim=\dimen161
\Hy@linkcounter=\count118
\Hy@pagecounter=\count119

(/usr/share/texlive/texmf-dist/tex/latex/hyperref/pd1enc.def
File: pd1enc.def 2012/11/06 v6.83m Hyperref: PDFDocEncoding definition (HO)
)
\Hy@SavedSpaceFactor=\count120

(/usr/share/texlive/texmf-dist/tex/latex/latexconfig/hyperref.cfg
File: hyperref.cfg 2002/06/06 v1.2 hyperref configuration of TeXLive
)
Package hyperref Info: Option `bookmarks' set `true' on input line 4319.
Package hyperref Info: Option `bookmarksopen' set `true' on input line 4319.
Package hyperref Info: Option `implicit' set `false' on input line 4319.
Package hyperref Info: Hyper figures OFF on input line 4443.
Package hyperref Info: Link nesting OFF on input line 4448.
Package hyperref Info: Hyper index ON on input line 4451.
Package hyperref Info: Plain pages OFF on input line 4458.
Package hyperref Info: Backreferencing OFF on input line 4463.
Package hyperref Info: Implicit mode OFF; no redefinition of LaTeX internals.
Package hyperref Info: Bookmarks ON on input line 4688.
\c@Hy@tempcnt=\count121

(/usr/share/texlive/texmf-dist/tex/latex/url/url.sty
\Urlmuskip=\muskip10
Package: url 2013/09/16  ver 3.4  Verb mode for urls, etc.
)
LaTeX Info: Redefining \url on input line 5041.
\XeTeXLinkMargin=\dimen162
\Fld@menulength=\count122
\Field@Width=\dimen163
\Fld@charsize=\dimen164
Package hyperref Info: Hyper figures OFF on input line 6295.
Package hyperref Info: Link nesting OFF on input line 6300.
Package hyperref Info: Hyper index ON on input line 6303.
Package hyperref Info: backreferencing OFF on input line 6310.
Package hyperref Info: Link coloring OFF on input line 6315.
Package hyperref Info: Link coloring with OCG OFF on input line 6320.
Package hyperref Info: PDF/A mode OFF on input line 6325.
LaTeX Info: Redefining \ref on input line 6365.
LaTeX Info: Redefining \pageref on input line 6369.
\Hy@abspage=\count123


Package hyperref Message: Stopped early.

)

Package hyperref Message: Driver (autodetected): hpdftex.

(/usr/share/texlive/texmf-dist/tex/latex/hyperref/hpdftex.def
File: hpdftex.def 2012/11/06 v6.83m Hyperref driver for pdfTeX
\Fld@listcount=\count124
\c@bookmark@seq@number=\count125

(/usr/share/texlive/texmf-dist/tex/latex/oberdiek/rerunfilecheck.sty
Package: rerunfilecheck 2011/04/15 v1.7 Rerun checks for auxiliary files (HO)
Package uniquecounter Info: New unique counter `rerunfilecheck' on input line 2
82.
))
(/usr/share/texmf/tex/latex/beamer/base/beamerbaserequires.sty
Package: beamerbaserequires 2010/05/01  (rcs-revision efa082c6111d)

(/usr/share/texmf/tex/latex/beamer/base/beamerbasecompatibility.sty
Package: beamerbasecompatibility 2012/05/01  (rcs-revision 67c48b3b652d)
)
(/usr/share/texmf/tex/latex/beamer/base/beamerbasefont.sty
Package: beamerbasefont 2012/09/19  (rcs-revision 733629cd0c6c)

(/usr/share/texlive/texmf-dist/tex/latex/amsfonts/amssymb.sty
Package: amssymb 2013/01/14 v3.01 AMS font symbols

(/usr/share/texlive/texmf-dist/tex/latex/amsfonts/amsfonts.sty
Package: amsfonts 2013/01/14 v3.01 Basic AMSFonts support
\@emptytoks=\toks23
\symAMSa=\mathgroup4
\symAMSb=\mathgroup5
LaTeX Font Info:    Overwriting math alphabet `\mathfrak' in version `bold'
(Font)                  U/euf/m/n --> U/euf/b/n on input line 106.
)))
(/usr/share/texmf/tex/latex/beamer/base/beamerbasetranslator.sty
Package: beamerbasetranslator 2010/06/11  (rcs-revision 85fd1cc7fc42)

(/usr/share/texmf/tex/latex/beamer/base/translator/translator.sty
Package: translator 2010/06/12 ver 1.10

(/usr/share/texmf/tex/latex/beamer/base/translator/translator-language-mappings
.tex))) (/usr/share/texmf/tex/latex/beamer/base/beamerbasemisc.sty
Package: beamerbasemisc 2012/02/24  (rcs-revision 2ff5461be705)
)
(/usr/share/texmf/tex/latex/beamer/base/beamerbasetwoscreens.sty
Package: beamerbasetwoscreens 2010/05/01  (rcs-revision efa082c6111d)
)
(/usr/share/texmf/tex/latex/beamer/base/beamerbaseoverlay.sty
Package: beamerbaseoverlay 2012/11/11  (rcs-revision 6afbc49b1109)
\beamer@argscount=\count126
\beamer@lastskipcover=\skip44
\beamer@trivlistdepth=\count127
)
(/usr/share/texmf/tex/latex/beamer/base/beamerbasetitle.sty
Package: beamerbasetitle 2010/09/21  (rcs-revision f0446ed0b6ae)
)
(/usr/share/texmf/tex/latex/beamer/base/beamerbasesection.sty
Package: beamerbasesection 2012/11/11  (rcs-revision 0056eef6f17f)
\c@lecture=\count128
\c@part=\count129
\c@section=\count130
\c@subsection=\count131
\c@subsubsection=\count132
)
(/usr/share/texmf/tex/latex/beamer/base/beamerbaseframe.sty
Package: beamerbaseframe 2012/09/13  (rcs-revision dcd846607320)
\beamer@framebox=\box40
\beamer@frametitlebox=\box41
\beamer@zoombox=\box42
\beamer@zoomcount=\count133
\beamer@zoomframecount=\count134
\beamer@frametextheight=\dimen165
\c@subsectionslide=\count135
\beamer@frametopskip=\skip45
\beamer@framebottomskip=\skip46
\beamer@frametopskipautobreak=\skip47
\beamer@framebottomskipautobreak=\skip48
\beamer@envbody=\toks24
\framewidth=\dimen166
\c@framenumber=\count136
)
(/usr/share/texmf/tex/latex/beamer/base/beamerbaseverbatim.sty
Package: beamerbaseverbatim 2012/08/30  (rcs-revision dfdb135076b3)
\beamer@verbatimfileout=\write4
)
(/usr/share/texmf/tex/latex/beamer/base/beamerbaseframesize.sty
Package: beamerbaseframesize 2011/09/12  (rcs-revision 70f9d8411e54)
\beamer@splitbox=\box43
\beamer@autobreakcount=\count137
\beamer@autobreaklastheight=\dimen167
\beamer@frametitletoks=\toks25
\beamer@framesubtitletoks=\toks26
)
(/usr/share/texmf/tex/latex/beamer/base/beamerbaseframecomponents.sty
Package: beamerbaseframecomponents 2012/09/13  (rcs-revision dcd846607320)
\beamer@footins=\box44
)
(/usr/share/texmf/tex/latex/beamer/base/beamerbasecolor.sty
Package: beamerbasecolor 2010/06/06  (rcs-revision d1a9b48be06d)
)
(/usr/share/texmf/tex/latex/beamer/base/beamerbasenotes.sty
Package: beamerbasenotes 2010/05/01  (rcs-revision efa082c6111d)
\beamer@frameboxcopy=\box45
)
(/usr/share/texmf/tex/latex/beamer/base/beamerbasetoc.sty
Package: beamerbasetoc 2012/10/02  (rcs-revision 5ed0f4010e8a)
)
(/usr/share/texmf/tex/latex/beamer/base/beamerbasetemplates.sty
Package: beamerbasetemplates 2010/05/01  (rcs-revision efa082c6111d)
\beamer@sbttoks=\toks27

(/usr/share/texmf/tex/latex/beamer/base/beamerbaseauxtemplates.sty
Package: beamerbaseauxtemplates 2012/05/01  (rcs-revision 67c48b3b652d)

(/usr/share/texmf/tex/latex/beamer/base/beamerbaseboxes.sty
Package: beamerbaseboxes 2012/05/13  (rcs-revision 56972908a390)
\bmb@box=\box46
\bmb@colorbox=\box47
\bmb@boxshadow=\box48
\bmb@boxshadowball=\box49
\bmb@boxshadowballlarge=\box50
\bmb@temp=\dimen168
\bmb@dima=\dimen169
\bmb@dimb=\dimen170
\bmb@prevheight=\dimen171
)
\beamer@blockheadheight=\dimen172
))
(/usr/share/texmf/tex/latex/beamer/base/beamerbaselocalstructure.sty
Package: beamerbaselocalstructure 2012/11/13  (rcs-revision ddfba79dac19)

(/usr/share/texlive/texmf-dist/tex/latex/tools/enumerate.sty
Package: enumerate 1999/03/05 v3.00 enumerate extensions (DPC)
\@enLab=\toks28
)
\c@figure=\count138
\c@table=\count139
\abovecaptionskip=\skip49
\belowcaptionskip=\skip50
)
(/usr/share/texmf/tex/latex/beamer/base/beamerbasenavigation.sty
Package: beamerbasenavigation 2012/04/03  (rcs-revision 42a0f21a412d)
\beamer@section@min@dim=\dimen173
)
(/usr/share/texmf/tex/latex/beamer/base/beamerbasetheorems.sty
Package: beamerbasetheorems 2010/06/06  (rcs-revision 7e7cc5e53e9d)

(/usr/share/texlive/texmf-dist/tex/latex/amsmath/amsmath.sty
Package: amsmath 2013/01/14 v2.14 AMS math features
\@mathmargin=\skip51

For additional information on amsmath, use the `?' option.
(/usr/share/texlive/texmf-dist/tex/latex/amsmath/amstext.sty
Package: amstext 2000/06/29 v2.01

(/usr/share/texlive/texmf-dist/tex/latex/amsmath/amsgen.sty
File: amsgen.sty 1999/11/30 v2.0
\@emptytoks=\toks29
\ex@=\dimen174
))
(/usr/share/texlive/texmf-dist/tex/latex/amsmath/amsbsy.sty
Package: amsbsy 1999/11/29 v1.2d
\pmbraise@=\dimen175
)
(/usr/share/texlive/texmf-dist/tex/latex/amsmath/amsopn.sty
Package: amsopn 1999/12/14 v2.01 operator names
)
\inf@bad=\count140
LaTeX Info: Redefining \frac on input line 210.
\uproot@=\count141
\leftroot@=\count142
LaTeX Info: Redefining \overline on input line 306.
\classnum@=\count143
\DOTSCASE@=\count144
LaTeX Info: Redefining \ldots on input line 378.
LaTeX Info: Redefining \dots on input line 381.
LaTeX Info: Redefining \cdots on input line 466.
\Mathstrutbox@=\box51
\strutbox@=\box52
\big@size=\dimen176
LaTeX Font Info:    Redeclaring font encoding OML on input line 566.
LaTeX Font Info:    Redeclaring font encoding OMS on input line 567.
\macc@depth=\count145
\c@MaxMatrixCols=\count146
\dotsspace@=\muskip11
\c@parentequation=\count147
\dspbrk@lvl=\count148
\tag@help=\toks30
\row@=\count149
\column@=\count150
\maxfields@=\count151
\andhelp@=\toks31
\eqnshift@=\dimen177
\alignsep@=\dimen178
\tagshift@=\dimen179
\tagwidth@=\dimen180
\totwidth@=\dimen181
\lineht@=\dimen182
\@envbody=\toks32
\multlinegap=\skip52
\multlinetaggap=\skip53
\mathdisplay@stack=\toks33
LaTeX Info: Redefining \[ on input line 2665.
LaTeX Info: Redefining \] on input line 2666.
)
(/usr/share/texlive/texmf-dist/tex/latex/amscls/amsthm.sty
Package: amsthm 2004/08/06 v2.20
\thm@style=\toks34
\thm@bodyfont=\toks35
\thm@headfont=\toks36
\thm@notefont=\toks37
\thm@headpunct=\toks38
\thm@preskip=\skip54
\thm@postskip=\skip55
\thm@headsep=\skip56
\dth@everypar=\toks39
)
\c@theorem=\count152
)
(/usr/share/texmf/tex/latex/beamer/base/beamerbasethemes.sty
Package: beamerbasethemes 2010/05/01  (rcs-revision efa082c6111d)
))
(/usr/share/texmf/tex/latex/beamer/base/themes/theme/beamerthemedefault.sty
Package: beamerthemedefault 2010/06/17  (rcs-revision d02a7cf4d8ae)

(/usr/share/texmf/tex/latex/beamer/base/themes/font/beamerfontthemedefault.sty
Package: beamerfontthemedefault 2010/06/17  (rcs-revision d02a7cf4d8ae)
)
(/usr/share/texmf/tex/latex/beamer/base/themes/color/beamercolorthemedefault.st
y
Package: beamercolorthemedefault 2010/06/17  (rcs-revision d02a7cf4d8ae)
)
(/usr/share/texmf/tex/latex/beamer/base/themes/inner/beamerinnerthemedefault.st
y
Package: beamerinnerthemedefault 2012/05/01  (rcs-revision 67c48b3b652d)
\beamer@dima=\dimen183
\beamer@dimb=\dimen184
)
(/usr/share/texmf/tex/latex/beamer/base/themes/outer/beamerouterthemedefault.st
y
Package: beamerouterthemedefault 2012/10/02  (rcs-revision 5ed0f4010e8a)
))) (/usr/share/texlive/texmf-dist/tex/latex/base/inputenc.sty
Package: inputenc 2008/03/30 v1.1d Input encoding file
\inpenc@prehook=\toks40
\inpenc@posthook=\toks41

(/usr/share/texlive/texmf-dist/tex/latex/base/latin1.def
File: latin1.def 2008/03/30 v1.1d Input encoding file
))
(/usr/share/texlive/texmf-dist/tex/latex/base/fontenc.sty
Package: fontenc 2005/09/27 v1.99g Standard LaTeX package

(/usr/share/texlive/texmf-dist/tex/latex/base/t1enc.def
File: t1enc.def 2005/09/27 v1.99g Standard LaTeX file
LaTeX Font Info:    Redeclaring font encoding T1 on input line 43.
))
(/usr/share/texlive/texmf-dist/tex/generic/babel/babel.sty
Package: babel 2013/12/03 3.9h The Babel package

(/usr/share/texlive/texmf-dist/tex/generic/babel-english/english.ldf
Language: english 2012/08/20 v3.3p English support from the babel system

(/usr/share/texlive/texmf-dist/tex/generic/babel/babel.def
File: babel.def 2013/12/03 3.9h Babel common definitions
LaTeX Info: Redefining \textlatin on input line 137.
\babel@savecnt=\count153
\U@D=\dimen185
)
\l@canadian = a dialect from \language\l@american 
\l@australian = a dialect from \language\l@british 
\l@newzealand = a dialect from \language\l@british 
))
(/usr/share/texlive/texmf-dist/tex/latex/listings/listings.sty
\lst@mode=\count154
\lst@gtempboxa=\box53
\lst@token=\toks42
\lst@length=\count155
\lst@currlwidth=\dimen186
\lst@column=\count156
\lst@pos=\count157
\lst@lostspace=\dimen187
\lst@width=\dimen188
\lst@newlines=\count158
\lst@lineno=\count159
\lst@maxwidth=\dimen189

(/usr/share/texlive/texmf-dist/tex/latex/listings/lstmisc.sty
File: lstmisc.sty 2013/08/26 1.5b (Carsten Heinz)
\c@lstnumber=\count160
\lst@skipnumbers=\count161
\lst@framebox=\box54
)
(/usr/share/texlive/texmf-dist/tex/latex/listings/listings.cfg
File: listings.cfg 2013/08/26 1.5b listings configuration
))
Package: listings 2013/08/26 1.5b (Carsten Heinz)

(/usr/share/texlive/texmf-dist/tex/latex/jknapltx/mathrsfs.sty
Package: mathrsfs 1996/01/01 Math RSFS package v1.0 (jk)
\symrsfs=\mathgroup6
)
(/usr/share/texlive/texmf-dist/tex/latex/base/ifthen.sty
Package: ifthen 2001/05/26 v1.1c Standard LaTeX ifthen package (DPC)
)
(/usr/share/texmf/tex/latex/pgf/frontendlayer/tikz.sty
(/usr/share/texmf/tex/latex/pgf/basiclayer/pgf.sty
Package: pgf 2008/01/15 v2.10 (rcs-revision 1.12)

(/usr/share/texmf/tex/generic/pgf/modules/pgfmoduleshapes.code.tex
File: pgfmoduleshapes.code.tex 2010/09/09  (rcs-revision 1.13)
\pgfnodeparttextbox=\box55
)
(/usr/share/texmf/tex/generic/pgf/modules/pgfmoduleplot.code.tex
File: pgfmoduleplot.code.tex 2010/10/22  (rcs-revision 1.8)
)
(/usr/share/texmf/tex/latex/pgf/compatibility/pgfcomp-version-0-65.sty
Package: pgfcomp-version-0-65 2007/07/03 v2.10 (rcs-revision 1.7)
\pgf@nodesepstart=\dimen190
\pgf@nodesepend=\dimen191
)
(/usr/share/texmf/tex/latex/pgf/compatibility/pgfcomp-version-1-18.sty
Package: pgfcomp-version-1-18 2007/07/23 v2.10 (rcs-revision 1.1)
))
(/usr/share/texmf/tex/latex/pgf/utilities/pgffor.sty
(/usr/share/texmf/tex/latex/pgf/utilities/pgfkeys.sty
(/usr/share/texmf/tex/generic/pgf/utilities/pgfkeys.code.tex))
(/usr/share/texmf/tex/generic/pgf/utilities/pgffor.code.tex
Package: pgffor 2010/03/23 v2.10 (rcs-revision 1.18)
\pgffor@iter=\dimen192
\pgffor@skip=\dimen193
\pgffor@stack=\toks43
\pgffor@toks=\toks44
))
(/usr/share/texmf/tex/generic/pgf/frontendlayer/tikz/tikz.code.tex
Package: tikz 2010/10/13 v2.10 (rcs-revision 1.76)

(/usr/share/texmf/tex/generic/pgf/libraries/pgflibraryplothandlers.code.tex
File: pgflibraryplothandlers.code.tex 2010/05/31 v2.10 (rcs-revision 1.15)
\pgf@plot@mark@count=\count162
\pgfplotmarksize=\dimen194
)
\tikz@lastx=\dimen195
\tikz@lasty=\dimen196
\tikz@lastxsaved=\dimen197
\tikz@lastysaved=\dimen198
\tikzleveldistance=\dimen199
\tikzsiblingdistance=\dimen200
\tikz@figbox=\box56
\tikz@tempbox=\box57
\tikztreelevel=\count163
\tikznumberofchildren=\count164
\tikznumberofcurrentchild=\count165
\tikz@fig@count=\count166

(/usr/share/texmf/tex/generic/pgf/modules/pgfmodulematrix.code.tex
File: pgfmodulematrix.code.tex 2010/08/24  (rcs-revision 1.4)
\pgfmatrixcurrentrow=\count167
\pgfmatrixcurrentcolumn=\count168
\pgf@matrix@numberofcolumns=\count169
)
\tikz@expandcount=\count170

(/usr/share/texmf/tex/generic/pgf/frontendlayer/tikz/libraries/tikzlibrarytopat
hs.code.tex
File: tikzlibrarytopaths.code.tex 2008/06/17 v2.10 (rcs-revision 1.2)
)))
(/usr/share/texlive/texmf-dist/tex/latex/tikz-qtree/tikz-qtree.sty
(/usr/share/texlive/texmf-dist/tex/latex/tikz-qtree/pgftree.sty
(/usr/share/texlive/texmf-dist/tex/latex/tikz-qtree/pgfsubpic.sty
(/usr/share/texlive/texmf-dist/tex/latex/tikz-qtree/pgfsubpic.tex
\pgf@subpicminx=\dimen201
\pgf@subpicminy=\dimen202
\pgf@subpicmaxx=\dimen203
\pgf@subpicmaxy=\dimen204
))
(/usr/share/texlive/texmf-dist/tex/latex/tikz-qtree/pgftree.tex
\levelsep=\dimen205
\subtreesep=\dimen206
\smuggle@levelsep=\dimen207
\smuggle@subtreesep=\dimen208
\this@levelsep=\dimen209
\this@subtreesep=\dimen210
\pgftree@childx=\dimen211
\pgftree@savechildx=\dimen212
\pgftree@childy=\dimen213
\pgftree@savechildy=\dimen214
\pgftree@childi=\count171
\pgftree@savechildi=\count172
\pgftree@level=\count173
\pgftree@depth=\dimen215
\pgf@subpic@hbox@children=\box58
\pgf@subpic@minx@children=\dimen216
\pgf@subpic@miny@children=\dimen217
\pgf@subpic@maxx@children=\dimen218
\pgf@subpic@maxy@children=\dimen219
\pgftree@lastchildx=\dimen220
\pgftree@lastchildy=\dimen221
))
(/usr/share/texlive/texmf-dist/tex/latex/tikz-qtree/tikz-qtree.tex
\@result=\toks45
\child@list=\toks46
\root@node=\toks47
))
(/usr/share/texlive/texmf-dist/tex/latex/eurosym/eurosym.sty
Package: eurosym 1998/08/06 v1.1 European currency symbol ``Euro''
\@eurobox=\box59
)

Package pgf Warning: File "logo" not found when defining image "logobig".
(pgf)                Tried all extensions in ".pdf:.jpg:.jpeg:.png:" on input l
ine 33.


Package pgf Warning: Missing width for image "logobig" ("logo") in draft mode.
(pgf)                Using 1cm instead on input line 33.


Package pgf Warning: File "logo" not found when defining image "logosmall".
(pgf)                Tried all extensions in ".pdf:.jpg:.jpeg:.png:" on input l
ine 34.


Package pgf Warning: Missing width for image "logosmall" ("logo") in draft mode
.
(pgf)                Using 1cm instead on input line 34.

(./short_run_exchange.aux

LaTeX Warning: Label `fig:11' multiply defined.


LaTeX Warning: Label `fig:11' multiply defined.


LaTeX Warning: Label `fig:11' multiply defined.


LaTeX Warning: Label `fig:11' multiply defined.


LaTeX Warning: Label `fig:11' multiply defined.

)
\openout1 = `short_run_exchange.aux'.

LaTeX Font Info:    Checking defaults for OML/cmm/m/it on input line 44.
LaTeX Font Info:    ... okay on input line 44.
LaTeX Font Info:    Checking defaults for T1/cmr/m/n on input line 44.
LaTeX Font Info:    ... okay on input line 44.
LaTeX Font Info:    Checking defaults for OT1/cmr/m/n on input line 44.
LaTeX Font Info:    ... okay on input line 44.
LaTeX Font Info:    Checking defaults for OMS/cmsy/m/n on input line 44.
LaTeX Font Info:    ... okay on input line 44.
LaTeX Font Info:    Checking defaults for OMX/cmex/m/n on input line 44.
LaTeX Font Info:    ... okay on input line 44.
LaTeX Font Info:    Checking defaults for U/cmr/m/n on input line 44.
LaTeX Font Info:    ... okay on input line 44.
LaTeX Font Info:    Checking defaults for PD1/pdf/m/n on input line 44.
LaTeX Font Info:    ... okay on input line 44.

*geometry* driver: auto-detecting
*geometry* detected driver: pdftex
*geometry* verbose mode - [ preamble ] result:
* driver: pdftex
* paper: custom
* layout: <same size as paper>
* layoutoffset:(h,v)=(0.0pt,0.0pt)
* modes: includehead includefoot 
* h-part:(L,W,R)=(28.45274pt, 307.28987pt, 28.45274pt)
* v-part:(T,H,B)=(0.0pt, 273.14662pt, 0.0pt)
* \paperwidth=364.19536pt
* \paperheight=273.14662pt
* \textwidth=307.28987pt
* \textheight=244.6939pt
* \oddsidemargin=-43.81725pt
* \evensidemargin=-43.81725pt
* \topmargin=-72.26999pt
* \headheight=14.22636pt
* \headsep=0.0pt
* \topskip=11.0pt
* \footskip=14.22636pt
* \marginparwidth=4.0pt
* \marginparsep=10.0pt
* \columnsep=10.0pt
* \skip\footins=10.0pt plus 4.0pt minus 2.0pt
* \hoffset=0.0pt
* \voffset=0.0pt
* \mag=1000
* \@twocolumnfalse
* \@twosidefalse
* \@mparswitchfalse
* \@reversemarginfalse
* (1in=72.27pt=25.4mm, 1cm=28.453pt)

(/usr/share/texlive/texmf-dist/tex/context/base/supp-pdf.mkii
[Loading MPS to PDF converter (version 2006.09.02).]
\scratchcounter=\count174
\scratchdimen=\dimen222
\scratchbox=\box60
\nofMPsegments=\count175
\nofMParguments=\count176
\everyMPshowfont=\toks48
\MPscratchCnt=\count177
\MPscratchDim=\dimen223
\MPnumerator=\count178
\makeMPintoPDFobject=\count179
\everyMPtoPDFconversion=\toks49
) (/usr/share/texlive/texmf-dist/tex/latex/oberdiek/epstopdf-base.sty
Package: epstopdf-base 2010/02/09 v2.5 Base part for package epstopdf

(/usr/share/texlive/texmf-dist/tex/latex/oberdiek/grfext.sty
Package: grfext 2010/08/19 v1.1 Manage graphics extensions (HO)
)
Package grfext Info: Graphics extension search list:
(grfext)             [.png,.pdf,.jpg,.mps,.jpeg,.jbig2,.jb2,.PNG,.PDF,.JPG,.JPE
G,.JBIG2,.JB2,.eps]
(grfext)             \AppendGraphicsExtensions on input line 452.

(/usr/share/texlive/texmf-dist/tex/latex/latexconfig/epstopdf-sys.cfg
File: epstopdf-sys.cfg 2010/07/13 v1.3 Configuration of (r)epstopdf for TeX Liv
e
))
ABD: EveryShipout initializing macros
\AtBeginShipoutBox=\box61
Package hyperref Info: Link coloring OFF on input line 44.

(/usr/share/texlive/texmf-dist/tex/latex/hyperref/nameref.sty
Package: nameref 2012/10/27 v2.43 Cross-referencing by name of section

(/usr/share/texlive/texmf-dist/tex/generic/oberdiek/gettitlestring.sty
Package: gettitlestring 2010/12/03 v1.4 Cleanup title references (HO)
)
\c@section@level=\count180
)
LaTeX Info: Redefining \ref on input line 44.
LaTeX Info: Redefining \pageref on input line 44.
LaTeX Info: Redefining \nameref on input line 44.

(./short_run_exchange.out) (./short_run_exchange.out)
\@outlinefile=\write5
\openout5 = `short_run_exchange.out'.

LaTeX Font Info:    Overwriting symbol font `operators' in version `normal'
(Font)                  OT1/cmr/m/n --> OT1/cmss/m/n on input line 44.
LaTeX Font Info:    Overwriting symbol font `operators' in version `bold'
(Font)                  OT1/cmr/bx/n --> OT1/cmss/bx/n on input line 44.
\symnumbers=\mathgroup7
\sympureletters=\mathgroup8
LaTeX Font Info:    Overwriting math alphabet `\mathrm' in version `normal'
(Font)                  OT1/cmss/m/n --> T1/cmr/m/n on input line 44.
LaTeX Font Info:    Redeclaring math alphabet \mathbf on input line 44.
LaTeX Font Info:    Overwriting math alphabet `\mathbf' in version `normal'
(Font)                  OT1/cmr/bx/n --> T1/cmss/bx/n on input line 44.
LaTeX Font Info:    Overwriting math alphabet `\mathbf' in version `bold'
(Font)                  OT1/cmr/bx/n --> T1/cmss/bx/n on input line 44.
LaTeX Font Info:    Redeclaring math alphabet \mathsf on input line 44.
LaTeX Font Info:    Overwriting math alphabet `\mathsf' in version `normal'
(Font)                  OT1/cmss/m/n --> T1/cmss/m/n on input line 44.
LaTeX Font Info:    Overwriting math alphabet `\mathsf' in version `bold'
(Font)                  OT1/cmss/bx/n --> T1/cmss/m/n on input line 44.
LaTeX Font Info:    Redeclaring math alphabet \mathit on input line 44.
LaTeX Font Info:    Overwriting math alphabet `\mathit' in version `normal'
(Font)                  OT1/cmr/m/it --> T1/cmss/m/it on input line 44.
LaTeX Font Info:    Overwriting math alphabet `\mathit' in version `bold'
(Font)                  OT1/cmr/bx/it --> T1/cmss/m/it on input line 44.
LaTeX Font Info:    Redeclaring math alphabet \mathtt on input line 44.
LaTeX Font Info:    Overwriting math alphabet `\mathtt' in version `normal'
(Font)                  OT1/cmtt/m/n --> T1/cmtt/m/n on input line 44.
LaTeX Font Info:    Overwriting math alphabet `\mathtt' in version `bold'
(Font)                  OT1/cmtt/m/n --> T1/cmtt/m/n on input line 44.
LaTeX Font Info:    Overwriting symbol font `numbers' in version `bold'
(Font)                  T1/cmss/m/n --> T1/cmss/bx/n on input line 44.
LaTeX Font Info:    Overwriting symbol font `pureletters' in version `bold'
(Font)                  T1/cmss/m/it --> T1/cmss/bx/it on input line 44.
LaTeX Font Info:    Overwriting math alphabet `\mathrm' in version `bold'
(Font)                  OT1/cmss/bx/n --> T1/cmr/bx/n on input line 44.
LaTeX Font Info:    Overwriting math alphabet `\mathbf' in version `bold'
(Font)                  T1/cmss/bx/n --> T1/cmss/bx/n on input line 44.
LaTeX Font Info:    Overwriting math alphabet `\mathsf' in version `bold'
(Font)                  T1/cmss/m/n --> T1/cmss/bx/n on input line 44.
LaTeX Font Info:    Overwriting math alphabet `\mathit' in version `bold'
(Font)                  T1/cmss/m/it --> T1/cmss/bx/it on input line 44.
LaTeX Font Info:    Overwriting math alphabet `\mathtt' in version `bold'
(Font)                  T1/cmtt/m/n --> T1/cmtt/bx/n on input line 44.

(/usr/share/texmf/tex/latex/beamer/base/translator/dicts/translator-basic-dicti
onary/translator-basic-dictionary-English.dict
Dictionary: translator-basic-dictionary, Language: English 
)
(/usr/share/texmf/tex/latex/beamer/base/translator/dicts/translator-bibliograph
y-dictionary/translator-bibliography-dictionary-English.dict
Dictionary: translator-bibliography-dictionary, Language: English 
)
(/usr/share/texmf/tex/latex/beamer/base/translator/dicts/translator-environment
-dictionary/translator-environment-dictionary-English.dict
Dictionary: translator-environment-dictionary, Language: English 
)
(/usr/share/texmf/tex/latex/beamer/base/translator/dicts/translator-months-dict
ionary/translator-months-dictionary-English.dict
Dictionary: translator-months-dictionary, Language: English 
)
(/usr/share/texmf/tex/latex/beamer/base/translator/dicts/translator-numbers-dic
tionary/translator-numbers-dictionary-English.dict
Dictionary: translator-numbers-dictionary, Language: English 
)
(/usr/share/texmf/tex/latex/beamer/base/translator/dicts/translator-theorem-dic
tionary/translator-theorem-dictionary-English.dict
Dictionary: translator-theorem-dictionary, Language: English 
)
LaTeX Info: Redefining \includegraphics on input line 44.
\c@lstlisting=\count181
 (./short_run_exchange.nav)
LaTeX Font Info:    Try loading font information for U+msa on input line 48.

(/usr/share/texlive/texmf-dist/tex/latex/amsfonts/umsa.fd
File: umsa.fd 2013/01/14 v3.01 AMS symbols A
)
LaTeX Font Info:    Try loading font information for U+msb on input line 48.

(/usr/share/texlive/texmf-dist/tex/latex/amsfonts/umsb.fd
File: umsb.fd 2013/01/14 v3.01 AMS symbols B
)
LaTeX Font Info:    Try loading font information for U+rsfs on input line 48.

(/usr/share/texlive/texmf-dist/tex/latex/jknapltx/ursfs.fd
File: ursfs.fd 1998/03/24 rsfs font definition file (jk)
) [1

{/var/lib/texmf/fonts/map/pdftex/updmap/pdftex.map}] [2

]

LaTeX Font Warning: Font shape `T1/cmss/m/n' in size <4> not available
(Font)              size <5> substituted on input line 92.

[3

] [4

] <ppp.pdf, id=122, page=44, 364.19562pt x 273.14648pt>
File: ppp.pdf Graphic file (type pdf)

<use ppp.pdf, page 44>
Package pdftex.def Info: ppp.pdf, page44 used on input line 97.
(pdftex.def)             Requested size: 307.28987pt x 230.47095pt.
 [5

 <./ppp.pdf>]
<ppp.pdf, id=204, page=47, 364.19562pt x 273.14648pt>
File: ppp.pdf Graphic file (type pdf)
 <use ppp.pdf, page 47>
Package pdftex.def Info: ppp.pdf, page47 used on input line 98.
(pdftex.def)             Requested size: 307.28987pt x 230.47095pt.

[6

 <./ppp.pdf>] <ppp.pdf, id=297, page=50, 364.19562pt x 273.14648pt>
File: ppp.pdf Graphic file (type pdf)

<use ppp.pdf, page 50>
Package pdftex.def Info: ppp.pdf, page50 used on input line 99.
(pdftex.def)             Requested size: 307.28987pt x 230.47095pt.
 [7

 <./ppp.pdf>]
<ppp.pdf, id=342, page=52, 364.19562pt x 273.14648pt>
File: ppp.pdf Graphic file (type pdf)
 <use ppp.pdf, page 52>
Package pdftex.def Info: ppp.pdf, page52 used on input line 100.
(pdftex.def)             Requested size: 307.28987pt x 230.47095pt.

[8

 <./ppp.pdf>] <ppp.pdf, id=398, page=53, 364.19562pt x 273.14648pt>
File: ppp.pdf Graphic file (type pdf)

<use ppp.pdf, page 53>
Package pdftex.def Info: ppp.pdf, page53 used on input line 101.
(pdftex.def)             Requested size: 307.28987pt x 230.47095pt.
 [9

 <./ppp.pdf>]
<ppp.pdf, id=443, page=54, 364.19562pt x 273.14648pt>
File: ppp.pdf Graphic file (type pdf)
 <use ppp.pdf, page 54>
Package pdftex.def Info: ppp.pdf, page54 used on input line 102.
(pdftex.def)             Requested size: 307.28987pt x 230.47095pt.

[10

 <./ppp.pdf>] <ppp.pdf, id=479, page=55, 364.19562pt x 273.14648pt>
File: ppp.pdf Graphic file (type pdf)

<use ppp.pdf, page 55>
Package pdftex.def Info: ppp.pdf, page55 used on input line 103.
(pdftex.def)             Requested size: 307.28987pt x 230.47095pt.
 [11

 <./ppp.pdf>]
<ppp.pdf, id=515, page=57, 364.19562pt x 273.14648pt>
File: ppp.pdf Graphic file (type pdf)
 <use ppp.pdf, page 57>
Package pdftex.def Info: ppp.pdf, page57 used on input line 104.
(pdftex.def)             Requested size: 307.28987pt x 230.47095pt.

[12

 <./ppp.pdf>] <ppp.pdf, id=580, page=58, 364.19562pt x 273.14648pt>
File: ppp.pdf Graphic file (type pdf)

<use ppp.pdf, page 58>
Package pdftex.def Info: ppp.pdf, page58 used on input line 105.
(pdftex.def)             Requested size: 307.28987pt x 230.47095pt.
 [13

 <./ppp.pdf>]
<ppp.pdf, id=638, page=60, 364.19562pt x 273.14648pt>
File: ppp.pdf Graphic file (type pdf)
 <use ppp.pdf, page 60>
Package pdftex.def Info: ppp.pdf, page60 used on input line 106.
(pdftex.def)             Requested size: 307.28987pt x 230.47095pt.

[14

 <./ppp.pdf>] <ppp.pdf, id=668, page=61, 364.19562pt x 273.14648pt>
File: ppp.pdf Graphic file (type pdf)

<use ppp.pdf, page 61>
Package pdftex.def Info: ppp.pdf, page61 used on input line 107.
(pdftex.def)             Requested size: 307.28987pt x 230.47095pt.
 [15

 <./ppp.pdf>]
<ppp.pdf, id=698, page=62, 364.19562pt x 273.14648pt>
File: ppp.pdf Graphic file (type pdf)
 <use ppp.pdf, page 62>
Package pdftex.def Info: ppp.pdf, page62 used on input line 108.
(pdftex.def)             Requested size: 307.28987pt x 230.47095pt.

[16

 <./ppp.pdf>] <ppp.pdf, id=729, page=63, 364.19562pt x 273.14648pt>
File: ppp.pdf Graphic file (type pdf)

<use ppp.pdf, page 63>
Package pdftex.def Info: ppp.pdf, page63 used on input line 109.
(pdftex.def)             Requested size: 307.28987pt x 230.47095pt.
 [17

 <./ppp.pdf>]
<ppp.pdf, id=792, page=65, 364.19562pt x 273.14648pt>
File: ppp.pdf Graphic file (type pdf)
 <use ppp.pdf, page 65>
Package pdftex.def Info: ppp.pdf, page65 used on input line 110.
(pdftex.def)             Requested size: 307.28987pt x 230.47095pt.

[18

 <./ppp.pdf>] <ppp.pdf, id=823, page=69, 364.19562pt x 273.14648pt>
File: ppp.pdf Graphic file (type pdf)

<use ppp.pdf, page 69>
Package pdftex.def Info: ppp.pdf, page69 used on input line 111.
(pdftex.def)             Requested size: 307.28987pt x 230.47095pt.
 [19

 <./ppp.pdf>]
<ppp.pdf, id=856, page=74, 364.19562pt x 273.14648pt>
File: ppp.pdf Graphic file (type pdf)
 <use ppp.pdf, page 74>
Package pdftex.def Info: ppp.pdf, page74 used on input line 112.
(pdftex.def)             Requested size: 307.28987pt x 230.47095pt.

[20

 <./ppp.pdf>] <ppp.pdf, id=915, page=75, 364.19562pt x 273.14648pt>
File: ppp.pdf Graphic file (type pdf)

<use ppp.pdf, page 75>
Package pdftex.def Info: ppp.pdf, page75 used on input line 113.
(pdftex.def)             Requested size: 307.28987pt x 230.47095pt.
 [21

 <./ppp.pdf>]
<ppp.pdf, id=972, page=76, 364.19562pt x 273.14648pt>
File: ppp.pdf Graphic file (type pdf)
 <use ppp.pdf, page 76>
Package pdftex.def Info: ppp.pdf, page76 used on input line 114.
(pdftex.def)             Requested size: 307.28987pt x 230.47095pt.

[22

 <./ppp.pdf>] <ppp.pdf, id=1016, page=77, 364.19562pt x 273.14648pt>
File: ppp.pdf Graphic file (type pdf)

<use ppp.pdf, page 77>
Package pdftex.def Info: ppp.pdf, page77 used on input line 115.
(pdftex.def)             Requested size: 307.28987pt x 230.47095pt.
 [23

 <./ppp.pdf>]
<ppp.pdf, id=1070, page=78, 364.19562pt x 273.14648pt>
File: ppp.pdf Graphic file (type pdf)
 <use ppp.pdf, page 78>
Package pdftex.def Info: ppp.pdf, page78 used on input line 116.
(pdftex.def)             Requested size: 307.28987pt x 230.47095pt.

[24

 <./ppp.pdf>] <ppp.pdf, id=1130, page=79, 364.19562pt x 273.14648pt>
File: ppp.pdf Graphic file (type pdf)

<use ppp.pdf, page 79>
Package pdftex.def Info: ppp.pdf, page79 used on input line 117.
(pdftex.def)             Requested size: 307.28987pt x 230.47095pt.
 [25

 <./ppp.pdf>]
<ppp.pdf, id=1162, page=80, 364.19562pt x 273.14648pt>
File: ppp.pdf Graphic file (type pdf)
 <use ppp.pdf, page 80>
Package pdftex.def Info: ppp.pdf, page80 used on input line 118.
(pdftex.def)             Requested size: 307.28987pt x 230.47095pt.

[26

 <./ppp.pdf>] <ppp.pdf, id=1230, page=82, 364.19562pt x 273.14648pt>
File: ppp.pdf Graphic file (type pdf)

<use ppp.pdf, page 82>
Package pdftex.def Info: ppp.pdf, page82 used on input line 119.
(pdftex.def)             Requested size: 307.28987pt x 230.47095pt.
 [27

 <./ppp.pdf>]
<ppp.pdf, id=1284, page=83, 364.19562pt x 273.14648pt>
File: ppp.pdf Graphic file (type pdf)
 <use ppp.pdf, page 83>
Package pdftex.def Info: ppp.pdf, page83 used on input line 120.
(pdftex.def)             Requested size: 307.28987pt x 230.47095pt.

[28

 <./ppp.pdf>] <ppp.pdf, id=1337, page=84, 364.19562pt x 273.14648pt>
File: ppp.pdf Graphic file (type pdf)

<use ppp.pdf, page 84>
Package pdftex.def Info: ppp.pdf, page84 used on input line 121.
(pdftex.def)             Requested size: 307.28987pt x 230.47095pt.
 [29

 <./ppp.pdf>] [30

] [31

] [32

] [33

] [34

] [35

] [36

]
[37

] [38

] [39

] [40

] [41

] <ca_summary.png, id=1709, 1462.46375pt x 406.51875pt>
File: ca_summary.png Graphic file (type png)

<use ca_summary.png>
Package pdftex.def Info: ca_summary.png used on input line 278.
(pdftex.def)             Requested size: 292.48756pt x 81.3023pt.
 [42

 <./ca_summary.png>] [43

] [44

] [45

] [46

]
<ag_demand_eq.png, id=1838, 1259.70625pt x 581.17125pt>
File: ag_demand_eq.png Graphic file (type png)
 <use ag_demand_eq.png>
Package pdftex.def Info: ag_demand_eq.png used on input line 334.
(pdftex.def)             Requested size: 314.9258pt x 145.29245pt.

Overfull \hbox (7.63593pt too wide) in paragraph at lines 334--334
[][]  
 []

[47

 <./ag_demand_eq.png>] [48

]
<ag_demand.png, id=1891, 979.66pt x 785.93625pt>
File: ag_demand.png Graphic file (type png)
 <use ag_demand.png>
Package pdftex.def Info: ag_demand.png used on input line 351.
(pdftex.def)             Requested size: 244.9144pt x 196.48358pt.
 [49

 <./ag_demand.png>] [50

] <short_run_eq.png, id=1943, 971.63pt x 767.86874pt>
File: short_run_eq.png Graphic file (type png)

<use short_run_eq.png>
Package pdftex.def Info: short_run_eq.png used on input line 373.
(pdftex.def)             Requested size: 242.9069pt x 191.9667pt.
 [51

 <./short_run_eq.png>] [52

]
<demand_output.png, id=1995, 992.70876pt x 759.83875pt>
File: demand_output.png Graphic file (type png)

<use demand_output.png>
Package pdftex.def Info: demand_output.png used on input line 392.
(pdftex.def)             Requested size: 248.17657pt x 189.95921pt.
 [53

 <./demand_output.png>]
<dd_schedule.png, id=2021, 601.24625pt x 804.00375pt>
File: dd_schedule.png Graphic file (type png)
 <use dd_schedule.png>
Package pdftex.def Info: dd_schedule.png used on input line 401.
(pdftex.def)             Requested size: 150.31119pt x 201.00044pt.

Overfull \vbox (17.55724pt too high) detected at line 401
 []

[54

 <./dd_schedule.png>] [55

]
<goverment_demand_DD.png, id=2073, 751.80875pt x 924.45375pt>
File: goverment_demand_DD.png Graphic file (type png)

<use goverment_demand_DD.png>
Package pdftex.def Info: goverment_demand_DD.png used on input line 423.
(pdftex.def)             Requested size: 150.35909pt x 184.88747pt.
 [56

 <./goverment_demand_DD.png>] [57

] [58

]
[59

] [60

] <asset_market_equilibrium.png, id=2200, 867.24pt x 951.555pt>
File: asset_market_equilibrium.png Graphic file (type png)

<use asset_market_equilibrium.png>
Package pdftex.def Info: asset_market_equilibrium.png used on input line 501.
(pdftex.def)             Requested size: 216.80946pt x 237.88817pt.
pdfTeX warning (ext4): destination with the same identifier (name{fig:11}) has 
been already used, duplicate ignored
<to be read again> 
                   \relax 
l.501 }
        [61

 <./asset_market_equilibrium.png>] [62

]
<AA_curve.png, id=2252, 1008.76875pt x 892.33376pt>
File: AA_curve.png Graphic file (type png)
 <use AA_curve.png>
Package pdftex.def Info: AA_curve.png used on input line 523.
(pdftex.def)             Requested size: 252.19157pt x 223.08289pt.
 [63

 <./AA_curve.png>] [64

] <AA_shift.png, id=2302, 972.63374pt x 781.92125pt>
File: AA_shift.png Graphic file (type png)

<use AA_shift.png>
Package pdftex.def Info: AA_shift.png used on input line 539.
(pdftex.def)             Requested size: 291.79237pt x 234.57819pt.
 [65

 <./AA_shift.png>]
<AA_shift2.png, id=2328, 734.745pt x 555.07375pt>
File: AA_shift2.png Graphic file (type png)
 <use AA_shift2.png>
Package pdftex.def Info: AA_shift2.png used on input line 547.
(pdftex.def)             Requested size: 220.42519pt x 166.52339pt.
 [66

 <./AA_shift2.png>] [67

] [68

] [69

]
<full_short_run_eq.png, id=2429, 1008.76875pt x 896.34875pt>
File: full_short_run_eq.png Graphic file (type png)

<use full_short_run_eq.png>
Package pdftex.def Info: full_short_run_eq.png used on input line 589.
(pdftex.def)             Requested size: 201.75017pt x 179.26657pt.
 [70

 <./full_short_run_eq.png>]
<path_to_eq.png, id=2456, 1073.00874pt x 947.54pt>
File: path_to_eq.png Graphic file (type png)
 <use path_to_eq.png>
Package pdftex.def Info: path_to_eq.png used on input line 602.
(pdftex.def)             Requested size: 182.40907pt x 161.07967pt.

[71

 <./path_to_eq.png>] [72

] [73

] [74

]
<money_supply_increase.png, id=2558, 993.7125pt x 925.4575pt>
File: money_supply_increase.png Graphic file (type png)

<use money_supply_increase.png>
Package pdftex.def Info: money_supply_increase.png used on input line 639.
(pdftex.def)             Requested size: 248.4275pt x 231.3638pt.
pdfTeX warning (ext4): destination with the same identifier (name{fig:11}) has 
been already used, duplicate ignored
<to be read again> 
                   \relax 
l.639 }
        [75

 <./money_supply_increase.png>] [76

]
<fiscal_expansion.png, id=2609, 969.6225pt x 896.34875pt>
File: fiscal_expansion.png Graphic file (type png)

<use fiscal_expansion.png>
Package pdftex.def Info: fiscal_expansion.png used on input line 658.
(pdftex.def)             Requested size: 242.40503pt x 224.08664pt.
 [77

 <./fiscal_expansion.png>] [78

]
<monetary_policy.png, id=2661, 844.15375pt x 944.52875pt>
File: monetary_policy.png Graphic file (type png)

<use monetary_policy.png>
Package pdftex.def Info: monetary_policy.png used on input line 676.
(pdftex.def)             Requested size: 168.82776pt x 188.9024pt.
 [79

 <./monetary_policy.png>] [80

]
<fiscal_policy.png, id=2712, 872.25874pt x 945.5325pt>
File: fiscal_policy.png Graphic file (type png)
 <use fiscal_policy.png>
Package pdftex.def Info: fiscal_policy.png used on input line 694.
(pdftex.def)             Requested size: 174.44865pt x 189.10315pt.

[81

 <./fiscal_policy.png>] [82

] [83

] [84

]
<short_run_perm_money.png, id=2813, 759.83875pt x 829.0975pt>
File: short_run_perm_money.png Graphic file (type png)

<use short_run_perm_money.png>
Package pdftex.def Info: short_run_perm_money.png used on input line 752.
(pdftex.def)             Requested size: 189.95921pt x 207.27386pt.
pdfTeX warning (ext4): destination with the same identifier (name{fig:11}) has 
been already used, duplicate ignored
<to be read again> 
                   \relax 
l.752 }
        [85

 <./short_run_perm_money.png>] [86

]
<long_run_perm_money.png, id=2865, 749.80125pt x 820.06375pt>
File: long_run_perm_money.png Graphic file (type png)

<use long_run_perm_money.png>
Package pdftex.def Info: long_run_perm_money.png used on input line 773.
(pdftex.def)             Requested size: 149.9576pt x 164.00984pt.
 [87

 <./long_run_perm_money.png>] [88

]
<fiscal_expansion_perm.png, id=2915, 700.6175pt x 773.89125pt>
File: fiscal_expansion_perm.png Graphic file (type png)

<use fiscal_expansion_perm.png>
Package pdftex.def Info: fiscal_expansion_perm.png used on input line 796.
(pdftex.def)             Requested size: 175.15395pt x 193.47234pt.
pdfTeX warning (ext4): destination with the same identifier (name{fig:11}) has 
been already used, duplicate ignored
<to be read again> 
                   \relax 
l.796 }
        [89

 <./fiscal_expansion_perm.png>] [90

] [91

]
<current_account.png, id=2992, 795.97375pt x 792.9625pt>
File: current_account.png Graphic file (type png)

<use current_account.png>
Package pdftex.def Info: current_account.png used on input line 840.
(pdftex.def)             Requested size: 198.99295pt x 198.24013pt.
pdfTeX warning (ext4): destination with the same identifier (name{fig:11}) has 
been already used, duplicate ignored
<to be read again> 
                   \relax 
l.840 }
        [92

 <./current_account.png>] [93

]
<j_curve.png, id=3042, 961.5925pt x 819.06pt>
File: j_curve.png Graphic file (type png)
 <use j_curve.png>
Package pdftex.def Info: j_curve.png used on input line 866.
(pdftex.def)             Requested size: 240.39754pt x 204.7645pt.
 [94

 <./j_curve.png>] [95

] [96

] <liquidity_trap.png, id=3116, 987.69pt x 797.98125pt>
File: liquidity_trap.png Graphic file (type png)

<use liquidity_trap.png>
Package pdftex.def Info: liquidity_trap.png used on input line 896.
(pdftex.def)             Requested size: 246.92189pt x 199.49481pt.
 [97

 <./liquidity_trap.png>] [98

] [99

]
\tf@nav=\write6
\openout6 = `short_run_exchange.nav'.

\tf@toc=\write7
\openout7 = `short_run_exchange.toc'.

\tf@snm=\write8
\openout8 = `short_run_exchange.snm'.

Package atveryend Info: Empty hook `BeforeClearDocument' on input line 936.
Package atveryend Info: Empty hook `AfterLastShipout' on input line 936.

(./short_run_exchange.aux)
Package atveryend Info: Executing hook `AtVeryEndDocument' on input line 936.
Package atveryend Info: Executing hook `AtEndAfterFileList' on input line 936.
Package rerunfilecheck Info: File `short_run_exchange.out' has not changed.
(rerunfilecheck)             Checksum: D41D8CD98F00B204E9800998ECF8427E;0.


LaTeX Font Warning: Size substitutions with differences
(Font)              up to 1.0pt have occurred.


LaTeX Warning: There were multiply-defined labels.

Package atveryend Info: Empty hook `AtVeryVeryEnd' on input line 936.
 ) 
Here is how much of TeX's memory you used:
 20529 strings out of 493304
 374128 string characters out of 6139871
 450608 words of memory out of 5000000
 23308 multiletter control sequences out of 15000+600000
 29895 words of font info for 82 fonts, out of 8000000 for 9000
 957 hyphenation exceptions out of 8191
 49i,14n,55p,407b,542s stack positions out of 5000i,500n,10000p,200000b,80000s
{/usr/share/texmf/fonts/enc/dvips/cm-super/cm-super-t1.enc}</usr/share/texliv
e/texmf-dist/fonts/type1/public/amsfonts/cm/cmex10.pfb></usr/share/texlive/texm
f-dist/fonts/type1/public/amsfonts/cm/cmmi10.pfb></usr/share/texlive/texmf-dist
/fonts/type1/public/amsfonts/cm/cmmi12.pfb></usr/share/texlive/texmf-dist/fonts
/type1/public/amsfonts/cm/cmmi6.pfb></usr/share/texlive/texmf-dist/fonts/type1/
public/amsfonts/cm/cmmi7.pfb></usr/share/texlive/texmf-dist/fonts/type1/public/
amsfonts/cm/cmmi8.pfb></usr/share/texlive/texmf-dist/fonts/type1/public/amsfont
s/cm/cmss10.pfb></usr/share/texlive/texmf-dist/fonts/type1/public/amsfonts/cm/c
mss8.pfb></usr/share/texlive/texmf-dist/fonts/type1/public/amsfonts/cm/cmsy10.p
fb></usr/share/texlive/texmf-dist/fonts/type1/public/amsfonts/cm/cmsy6.pfb></us
r/share/texlive/texmf-dist/fonts/type1/public/amsfonts/cm/cmsy7.pfb></usr/share
/texlive/texmf-dist/fonts/type1/public/amsfonts/cm/cmsy8.pfb></usr/share/texliv
e/texmf-dist/fonts/type1/public/eurosym/feymr10.pfb></usr/share/texlive/texmf-d
ist/fonts/type1/public/amsfonts/symbols/msam10.pfb></usr/share/texlive/texmf-di
st/fonts/type1/public/amsfonts/symbols/msam7.pfb></usr/share/texmf/fonts/type1/
public/cm-super/sfsi0600.pfb></usr/share/texmf/fonts/type1/public/cm-super/sfsi
0700.pfb></usr/share/texmf/fonts/type1/public/cm-super/sfsi0800.pfb></usr/share
/texmf/fonts/type1/public/cm-super/sfsi0900.pfb></usr/share/texmf/fonts/type1/p
ublic/cm-super/sfsi1000.pfb></usr/share/texmf/fonts/type1/public/cm-super/sfsi1
095.pfb></usr/share/texmf/fonts/type1/public/cm-super/sfsi1440.pfb></usr/share/
texmf/fonts/type1/public/cm-super/sfss0600.pfb></usr/share/texmf/fonts/type1/pu
blic/cm-super/sfss0800.pfb></usr/share/texmf/fonts/type1/public/cm-super/sfss09
00.pfb></usr/share/texmf/fonts/type1/public/cm-super/sfss1000.pfb></usr/share/t
exmf/fonts/type1/public/cm-super/sfss1095.pfb></usr/share/texmf/fonts/type1/pub
lic/cm-super/sfss1440.pfb></usr/share/texmf/fonts/type1/public/cm-super/sfsx100
0.pfb></usr/share/texmf/fonts/type1/public/cm-super/sfsx1095.pfb>
Output written on short_run_exchange.pdf (99 pages, 3651524 bytes).
PDF statistics:
 3291 PDF objects out of 3580 (max. 8388607)
 3068 compressed objects within 31 object streams
 158 named destinations out of 1000 (max. 500000)
 283 words of extra memory for PDF output out of 10000 (max. 10000000)

